# JRE version: OpenJDK Runtime Environment Temurin-17.0.5+8 (17.0.5+8) (build 17.0.5+8)
# Java VM: OpenJDK 64-Bit Server VM Temurin-17.0.5+8 (17.0.5+8, mixed mode, tiered, compressed oops, compressed class ptrs, parallel gc, windows-amd64)
GC Precious Log:
 CPUs: 8 total, 8 available
 Memory: 8175M
 Large Page Support: Disabled
 NUMA Support: Disabled
 Compressed Oops: Enabled (32-bit)
 Alignments: Space 512K, Generation 512K, Heap 2M
 Heap Min Capacity: 100M
 Heap Initial Capacity: 100M
 Heap Max Capacity: 1G
 Pre-touch: Disabled
 Parallel Workers: 8
Heap:
 PSYoungGen      total 15360K, used 15329K [0x00000000eab00000, 0x00000000ebd80000, 0x0000000100000000)
  eden space 12800K, 100% used [0x00000000eab00000,0x00000000eb780000,0x00000000eb780000)
  from space 2560K, 98% used [0x00000000ebb00000,0x00000000ebd785f8,0x00000000ebd80000)
  to   space 3072K, 0% used [0x00000000eb780000,0x00000000eb780000,0x00000000eba80000)
 ParOldGen       total 93184K, used 86382K [0x00000000c0000000, 0x00000000c5b00000, 0x00000000eab00000)
  object space 93184K, 92% used [0x00000000c0000000,0x00000000c545baf8,0x00000000c5b00000)
 Metaspace       used 56920K, committed 57856K, reserved 1105920K
  class space    used 6174K, committed 6592K, reserved 1048576K
GC Heap History (20 events):
Event: 14.866 GC heap before
{Heap before GC invocations=35 (full 3):
 PSYoungGen      total 17920K, used 3566K [0x00000000eab00000, 0x00000000ecc00000, 0x0000000100000000)
  eden space 14336K, 0% used [0x00000000eab00000,0x00000000eab00000,0x00000000eb900000)
  from space 3584K, 99% used [0x00000000ec080000,0x00000000ec3fba28,0x00000000ec400000)
  to   space 7680K, 0% used [0x00000000eb900000,0x00000000eb900000,0x00000000ec080000)
 ParOldGen       total 68608K, used 67746K [0x00000000c0000000, 0x00000000c4300000, 0x00000000eab00000)
  object space 68608K, 98% used [0x00000000c0000000,0x00000000c4228b60,0x00000000c4300000)
 Metaspace       used 54824K, committed 55744K, reserved 1105920K
  class space    used 5904K, committed 6336K, reserved 1048576K
}
Event: 14.989 GC heap after
{Heap after GC invocations=35 (full 3):
 PSYoungGen      total 22016K, used 0K [0x00000000eab00000, 0x00000000ec800000, 0x0000000100000000)
  eden space 14336K, 0% used [0x00000000eab00000,0x00000000eab00000,0x00000000eb900000)
  from space 7680K, 0% used [0x00000000eb900000,0x00000000eb900000,0x00000000ec080000)
  to   space 7680K, 0% used [0x00000000ec080000,0x00000000ec080000,0x00000000ec800000)
 ParOldGen       total 93184K, used 64450K [0x00000000c0000000, 0x00000000c5b00000, 0x00000000eab00000)
  object space 93184K, 69% used [0x00000000c0000000,0x00000000c3ef0b08,0x00000000c5b00000)
 Metaspace       used 54824K, committed 55744K, reserved 1105920K
  class space    used 5904K, committed 6336K, reserved 1048576K
}
Event: 15.288 GC heap before
{Heap before GC invocations=36 (full 3):
 PSYoungGen      total 22016K, used 14336K [0x00000000eab00000, 0x00000000ec800000, 0x0000000100000000)
  eden space 14336K, 100% used [0x00000000eab00000,0x00000000eb900000,0x00000000eb900000)
  from space 7680K, 0% used [0x00000000eb900000,0x00000000eb900000,0x00000000ec080000)
  to   space 7680K, 0% used [0x00000000ec080000,0x00000000ec080000,0x00000000ec800000)
 ParOldGen       total 93184K, used 64450K [0x00000000c0000000, 0x00000000c5b00000, 0x00000000eab00000)
  object space 93184K, 69% used [0x00000000c0000000,0x00000000c3ef0b08,0x00000000c5b00000)
 Metaspace       used 55960K, committed 56896K, reserved 1105920K
  class space    used 6068K, committed 6464K, reserved 1048576K
}
Event: 15.291 GC heap after
{Heap after GC invocations=36 (full 3):
 PSYoungGen      total 16896K, used 2255K [0x00000000eab00000, 0x00000000ec300000, 0x0000000100000000)
  eden space 14336K, 0% used [0x00000000eab00000,0x00000000eab00000,0x00000000eb900000)
  from space 2560K, 88% used [0x00000000ec080000,0x00000000ec2b3e28,0x00000000ec300000)
  to   space 4096K, 0% used [0x00000000ebb00000,0x00000000ebb00000,0x00000000ebf00000)
 ParOldGen       total 93184K, used 64458K [0x00000000c0000000, 0x00000000c5b00000, 0x00000000eab00000)
  object space 93184K, 69% used [0x00000000c0000000,0x00000000c3ef2b08,0x00000000c5b00000)
 Metaspace       used 55960K, committed 56896K, reserved 1105920K
  class space    used 6068K, committed 6464K, reserved 1048576K
}
Event: 15.517 GC heap before
{Heap before GC invocations=37 (full 3):
 PSYoungGen      total 16896K, used 16591K [0x00000000eab00000, 0x00000000ec300000, 0x0000000100000000)
  eden space 14336K, 100% used [0x00000000eab00000,0x00000000eb900000,0x00000000eb900000)
  from space 2560K, 88% used [0x00000000ec080000,0x00000000ec2b3e28,0x00000000ec300000)
  to   space 4096K, 0% used [0x00000000ebb00000,0x00000000ebb00000,0x00000000ebf00000)
 ParOldGen       total 93184K, used 64458K [0x00000000c0000000, 0x00000000c5b00000, 0x00000000eab00000)
  object space 93184K, 69% used [0x00000000c0000000,0x00000000c3ef2b08,0x00000000c5b00000)
 Metaspace       used 56546K, committed 57472K, reserved 1105920K
  class space    used 6141K, committed 6528K, reserved 1048576K
}
Event: 15.521 GC heap after
{Heap after GC invocations=37 (full 3):
 PSYoungGen      total 17408K, used 3000K [0x00000000eab00000, 0x00000000ec100000, 0x0000000100000000)
  eden space 14336K, 0% used [0x00000000eab00000,0x00000000eab00000,0x00000000eb900000)
  from space 3072K, 97% used [0x00000000ebb00000,0x00000000ebdee1b8,0x00000000ebe00000)
  to   space 3072K, 0% used [0x00000000ebe00000,0x00000000ebe00000,0x00000000ec100000)
 ParOldGen       total 93184K, used 66616K [0x00000000c0000000, 0x00000000c5b00000, 0x00000000eab00000)
  object space 93184K, 71% used [0x00000000c0000000,0x00000000c410e328,0x00000000c5b00000)
 Metaspace       used 56546K, committed 57472K, reserved 1105920K
  class space    used 6141K, committed 6528K, reserved 1048576K
}
Event: 16.010 GC heap before
{Heap before GC invocations=38 (full 3):
 PSYoungGen      total 17408K, used 17336K [0x00000000eab00000, 0x00000000ec100000, 0x0000000100000000)
  eden space 14336K, 100% used [0x00000000eab00000,0x00000000eb900000,0x00000000eb900000)
  from space 3072K, 97% used [0x00000000ebb00000,0x00000000ebdee1b8,0x00000000ebe00000)
  to   space 3072K, 0% used [0x00000000ebe00000,0x00000000ebe00000,0x00000000ec100000)
 ParOldGen       total 93184K, used 66616K [0x00000000c0000000, 0x00000000c5b00000, 0x00000000eab00000)
  object space 93184K, 71% used [0x00000000c0000000,0x00000000c410e328,0x00000000c5b00000)
 Metaspace       used 56811K, committed 57792K, reserved 1105920K
  class space    used 6168K, committed 6592K, reserved 1048576K
}
Event: 16.015 GC heap after
{Heap after GC invocations=38 (full 3):
 PSYoungGen      total 15872K, used 3056K [0x00000000eab00000, 0x00000000ec600000, 0x0000000100000000)
  eden space 12800K, 0% used [0x00000000eab00000,0x00000000eab00000,0x00000000eb780000)
  from space 3072K, 99% used [0x00000000ebe00000,0x00000000ec0fc148,0x00000000ec100000)
  to   space 6656K, 0% used [0x00000000eb780000,0x00000000eb780000,0x00000000ebe00000)
 ParOldGen       total 93184K, used 69498K [0x00000000c0000000, 0x00000000c5b00000, 0x00000000eab00000)
  object space 93184K, 74% used [0x00000000c0000000,0x00000000c43dea68,0x00000000c5b00000)
 Metaspace       used 56811K, committed 57792K, reserved 1105920K
  class space    used 6168K, committed 6592K, reserved 1048576K
}
Event: 16.148 GC heap before
{Heap before GC invocations=39 (full 3):
 PSYoungGen      total 15872K, used 15856K [0x00000000eab00000, 0x00000000ec600000, 0x0000000100000000)
  eden space 12800K, 100% used [0x00000000eab00000,0x00000000eb780000,0x00000000eb780000)
  from space 3072K, 99% used [0x00000000ebe00000,0x00000000ec0fc148,0x00000000ec100000)
  to   space 6656K, 0% used [0x00000000eb780000,0x00000000eb780000,0x00000000ebe00000)
 ParOldGen       total 93184K, used 69498K [0x00000000c0000000, 0x00000000c5b00000, 0x00000000eab00000)
  object space 93184K, 74% used [0x00000000c0000000,0x00000000c43dea68,0x00000000c5b00000)
 Metaspace       used 56882K, committed 57856K, reserved 1105920K
  class space    used 6174K, committed 6592K, reserved 1048576K
}
Event: 16.152 GC heap after
{Heap after GC invocations=39 (full 3):
 PSYoungGen      total 15872K, used 2611K [0x00000000eab00000, 0x00000000ebf80000, 0x0000000100000000)
  eden space 12800K, 0% used [0x00000000eab00000,0x00000000eab00000,0x00000000eb780000)
  from space 3072K, 85% used [0x00000000eb780000,0x00000000eba0cde8,0x00000000eba80000)
  to   space 4096K, 0% used [0x00000000ebb80000,0x00000000ebb80000,0x00000000ebf80000)
 ParOldGen       total 93184K, used 72520K [0x00000000c0000000, 0x00000000c5b00000, 0x00000000eab00000)
  object space 93184K, 77% used [0x00000000c0000000,0x00000000c46d20b8,0x00000000c5b00000)
 Metaspace       used 56882K, committed 57856K, reserved 1105920K
  class space    used 6174K, committed 6592K, reserved 1048576K
}
Event: 16.269 GC heap before
{Heap before GC invocations=40 (full 3):
 PSYoungGen      total 15872K, used 15411K [0x00000000eab00000, 0x00000000ebf80000, 0x0000000100000000)
  eden space 12800K, 100% used [0x00000000eab00000,0x00000000eb780000,0x00000000eb780000)
  from space 3072K, 85% used [0x00000000eb780000,0x00000000eba0cde8,0x00000000eba80000)
  to   space 4096K, 0% used [0x00000000ebb80000,0x00000000ebb80000,0x00000000ebf80000)
 ParOldGen       total 93184K, used 72520K [0x00000000c0000000, 0x00000000c5b00000, 0x00000000eab00000)
  object space 93184K, 77% used [0x00000000c0000000,0x00000000c46d20b8,0x00000000c5b00000)
 Metaspace       used 56882K, committed 57856K, reserved 1105920K
  class space    used 6174K, committed 6592K, reserved 1048576K
}
Event: 16.272 GC heap after
{Heap after GC invocations=40 (full 3):
 PSYoungGen      total 16384K, used 3373K [0x00000000eab00000, 0x00000000ebf00000, 0x0000000100000000)
  eden space 12800K, 0% used [0x00000000eab00000,0x00000000eab00000,0x00000000eb780000)
  from space 3584K, 94% used [0x00000000ebb80000,0x00000000ebecb7d8,0x00000000ebf00000)
  to   space 3584K, 0% used [0x00000000eb800000,0x00000000eb800000,0x00000000ebb80000)
 ParOldGen       total 93184K, used 75028K [0x00000000c0000000, 0x00000000c5b00000, 0x00000000eab00000)
  object space 93184K, 80% used [0x00000000c0000000,0x00000000c49452a8,0x00000000c5b00000)
 Metaspace       used 56882K, committed 57856K, reserved 1105920K
  class space    used 6174K, committed 6592K, reserved 1048576K
}
Event: 16.338 GC heap before
{Heap before GC invocations=41 (full 3):
 PSYoungGen      total 16384K, used 16173K [0x00000000eab00000, 0x00000000ebf00000, 0x0000000100000000)
  eden space 12800K, 100% used [0x00000000eab00000,0x00000000eb780000,0x00000000eb780000)
  from space 3584K, 94% used [0x00000000ebb80000,0x00000000ebecb7d8,0x00000000ebf00000)
  to   space 3584K, 0% used [0x00000000eb800000,0x00000000eb800000,0x00000000ebb80000)
 ParOldGen       total 93184K, used 75028K [0x00000000c0000000, 0x00000000c5b00000, 0x00000000eab00000)
  object space 93184K, 80% used [0x00000000c0000000,0x00000000c49452a8,0x00000000c5b00000)
 Metaspace       used 56882K, committed 57856K, reserved 1105920K
  class space    used 6174K, committed 6592K, reserved 1048576K
}
Event: 16.342 GC heap after
{Heap after GC invocations=41 (full 3):
 PSYoungGen      total 15872K, used 2938K [0x00000000eab00000, 0x00000000ebe80000, 0x0000000100000000)
  eden space 12800K, 0% used [0x00000000eab00000,0x00000000eab00000,0x00000000eb780000)
  from space 3072K, 95% used [0x00000000eb800000,0x00000000ebadeb60,0x00000000ebb00000)
  to   space 3584K, 0% used [0x00000000ebb00000,0x00000000ebb00000,0x00000000ebe80000)
 ParOldGen       total 93184K, used 78304K [0x00000000c0000000, 0x00000000c5b00000, 0x00000000eab00000)
  object space 93184K, 84% used [0x00000000c0000000,0x00000000c4c783b8,0x00000000c5b00000)
 Metaspace       used 56882K, committed 57856K, reserved 1105920K
  class space    used 6174K, committed 6592K, reserved 1048576K
}
Event: 16.492 GC heap before
{Heap before GC invocations=42 (full 3):
 PSYoungGen      total 15872K, used 15738K [0x00000000eab00000, 0x00000000ebe80000, 0x0000000100000000)
  eden space 12800K, 100% used [0x00000000eab00000,0x00000000eb780000,0x00000000eb780000)
  from space 3072K, 95% used [0x00000000eb800000,0x00000000ebadeb60,0x00000000ebb00000)
  to   space 3584K, 0% used [0x00000000ebb00000,0x00000000ebb00000,0x00000000ebe80000)
 ParOldGen       total 93184K, used 78304K [0x00000000c0000000, 0x00000000c5b00000, 0x00000000eab00000)
  object space 93184K, 84% used [0x00000000c0000000,0x00000000c4c783b8,0x00000000c5b00000)
 Metaspace       used 56894K, committed 57856K, reserved 1105920K
  class space    used 6174K, committed 6592K, reserved 1048576K
}
Event: 16.495 GC heap after
{Heap after GC invocations=42 (full 3):
 PSYoungGen      total 15872K, used 2573K [0x00000000eab00000, 0x00000000ebe00000, 0x0000000100000000)
  eden space 12800K, 0% used [0x00000000eab00000,0x00000000eab00000,0x00000000eb780000)
  from space 3072K, 83% used [0x00000000ebb00000,0x00000000ebd83638,0x00000000ebe00000)
  to   space 3072K, 0% used [0x00000000eb800000,0x00000000eb800000,0x00000000ebb00000)
 ParOldGen       total 93184K, used 81142K [0x00000000c0000000, 0x00000000c5b00000, 0x00000000eab00000)
  object space 93184K, 87% used [0x00000000c0000000,0x00000000c4f3d978,0x00000000c5b00000)
 Metaspace       used 56894K, committed 57856K, reserved 1105920K
  class space    used 6174K, committed 6592K, reserved 1048576K
}
Event: 16.559 GC heap before
{Heap before GC invocations=43 (full 3):
 PSYoungGen      total 15872K, used 15373K [0x00000000eab00000, 0x00000000ebe00000, 0x0000000100000000)
  eden space 12800K, 100% used [0x00000000eab00000,0x00000000eb780000,0x00000000eb780000)
  from space 3072K, 83% used [0x00000000ebb00000,0x00000000ebd83638,0x00000000ebe00000)
  to   space 3072K, 0% used [0x00000000eb800000,0x00000000eb800000,0x00000000ebb00000)
 ParOldGen       total 93184K, used 81142K [0x00000000c0000000, 0x00000000c5b00000, 0x00000000eab00000)
  object space 93184K, 87% used [0x00000000c0000000,0x00000000c4f3d978,0x00000000c5b00000)
 Metaspace       used 56894K, committed 57856K, reserved 1105920K
  class space    used 6174K, committed 6592K, reserved 1048576K
}
Event: 16.562 GC heap after
{Heap after GC invocations=43 (full 3):
 PSYoungGen      total 15872K, used 2770K [0x00000000eab00000, 0x00000000ebd80000, 0x0000000100000000)
  eden space 12800K, 0% used [0x00000000eab00000,0x00000000eab00000,0x00000000eb780000)
  from space 3072K, 90% used [0x00000000eb800000,0x00000000ebab4bf0,0x00000000ebb00000)
  to   space 2560K, 0% used [0x00000000ebb00000,0x00000000ebb00000,0x00000000ebd80000)
 ParOldGen       total 93184K, used 83658K [0x00000000c0000000, 0x00000000c5b00000, 0x00000000eab00000)
  object space 93184K, 89% used [0x00000000c0000000,0x00000000c51b2b08,0x00000000c5b00000)
 Metaspace       used 56894K, committed 57856K, reserved 1105920K
  class space    used 6174K, committed 6592K, reserved 1048576K
}
Event: 16.975 GC heap before
{Heap before GC invocations=44 (full 3):
 PSYoungGen      total 15872K, used 15570K [0x00000000eab00000, 0x00000000ebd80000, 0x0000000100000000)
  eden space 12800K, 100% used [0x00000000eab00000,0x00000000eb780000,0x00000000eb780000)
  from space 3072K, 90% used [0x00000000eb800000,0x00000000ebab4bf0,0x00000000ebb00000)
  to   space 2560K, 0% used [0x00000000ebb00000,0x00000000ebb00000,0x00000000ebd80000)
 ParOldGen       total 93184K, used 83658K [0x00000000c0000000, 0x00000000c5b00000, 0x00000000eab00000)
  object space 93184K, 89% used [0x00000000c0000000,0x00000000c51b2b08,0x00000000c5b00000)
 Metaspace       used 56902K, committed 57856K, reserved 1105920K
  class space    used 6174K, committed 6592K, reserved 1048576K
}
Event: 16.978 GC heap after
{Heap after GC invocations=44 (full 3):
 PSYoungGen      total 15360K, used 2529K [0x00000000eab00000, 0x00000000ebd80000, 0x0000000100000000)
  eden space 12800K, 0% used [0x00000000eab00000,0x00000000eab00000,0x00000000eb780000)
  from space 2560K, 98% used [0x00000000ebb00000,0x00000000ebd785f8,0x00000000ebd80000)
  to   space 3072K, 0% used [0x00000000eb780000,0x00000000eb780000,0x00000000eba80000)
 ParOldGen       total 93184K, used 86382K [0x00000000c0000000, 0x00000000c5b00000, 0x00000000eab00000)
  object space 93184K, 92% used [0x00000000c0000000,0x00000000c545baf8,0x00000000c5b00000)
 Metaspace       used 56902K, committed 57856K, reserved 1105920K
  class space    used 6174K, committed 6592K, reserved 1048576K
}

